This file contains any messages produced by compilers while
running configure, to aid debugging if configure makes a mistake.

It was created by Gordon-Text_utils-Library configure 0.7, which was
generated by GNU Autoconf 2.69.  Invocation command line was

  $ ./configure 

## --------- ##
## Platform. ##
## --------- ##

hostname = gena
uname -m = x86_64
uname -r = 3.16.0-38-generic
uname -s = Linux
uname -v = #52~14.04.1-Ubuntu SMP Fri May 8 09:43:57 UTC 2015

/usr/bin/uname -p = unknown
/bin/uname -X     = unknown

/bin/arch              = unknown
/usr/bin/arch -k       = unknown
/usr/convex/getsysinfo = unknown
/usr/bin/hostinfo      = unknown
/bin/machine           = unknown
/usr/bin/oslevel       = unknown
/bin/universe          = unknown

PATH: /usr/local/sbin
PATH: /usr/local/bin
PATH: /usr/sbin
PATH: /usr/bin
PATH: /sbin
PATH: /bin
PATH: /usr/games
PATH: /usr/local/games
PATH: /usr/lib/jvm/java-8-oracle/bin
PATH: /usr/lib/jvm/java-8-oracle/db/bin
PATH: /usr/lib/jvm/java-8-oracle/jre/bin


## ----------- ##
## Core tests. ##
## ----------- ##

configure:2442: checking for a BSD-compatible install
configure:2510: result: /usr/bin/install -c
configure:2521: checking whether build environment is sane
configure:2576: result: yes
configure:2614: WARNING: 'missing' script is too old or missing
configure:2727: checking for a thread-safe mkdir -p
configure:2766: result: /bin/mkdir -p
configure:2773: checking for gawk
configure:2789: found /usr/bin/gawk
configure:2800: result: gawk
configure:2811: checking whether make sets $(MAKE)
configure:2833: result: yes
configure:2862: checking whether make supports nested variables
configure:2879: result: yes
configure:3058: checking for gcc
configure:3074: found /usr/bin/gcc
configure:3085: result: gcc
configure:3314: checking for C compiler version
configure:3323: gcc --version >&5
gcc (Ubuntu 4.8.4-2ubuntu1~14.04) 4.8.4
Copyright (C) 2013 Free Software Foundation, Inc.
This is free software; see the source for copying conditions.  There is NO
warranty; not even for MERCHANTABILITY or FITNESS FOR A PARTICULAR PURPOSE.

configure:3334: $? = 0
configure:3323: gcc -v >&5
Using built-in specs.
COLLECT_GCC=gcc
COLLECT_LTO_WRAPPER=/usr/lib/gcc/x86_64-linux-gnu/4.8/lto-wrapper
Target: x86_64-linux-gnu
Configured with: ../src/configure -v --with-pkgversion='Ubuntu 4.8.4-2ubuntu1~14.04' --with-bugurl=file:///usr/share/doc/gcc-4.8/README.Bugs --enable-languages=c,c++,java,go,d,fortran,objc,obj-c++ --prefix=/usr --program-suffix=-4.8 --enable-shared --enable-linker-build-id --libexecdir=/usr/lib --without-included-gettext --enable-threads=posix --with-gxx-include-dir=/usr/include/c++/4.8 --libdir=/usr/lib --enable-nls --with-sysroot=/ --enable-clocale=gnu --enable-libstdcxx-debug --enable-libstdcxx-time=yes --enable-gnu-unique-object --disable-libmudflap --enable-plugin --with-system-zlib --disable-browser-plugin --enable-java-awt=gtk --enable-gtk-cairo --with-java-home=/usr/lib/jvm/java-1.5.0-gcj-4.8-amd64/jre --enable-java-home --with-jvm-root-dir=/usr/lib/jvm/java-1.5.0-gcj-4.8-amd64 --with-jvm-jar-dir=/usr/lib/jvm-exports/java-1.5.0-gcj-4.8-amd64 --with-arch-directory=amd64 --with-ecj-jar=/usr/share/java/eclipse-ecj.jar --enable-objc-gc --enable-multiarch --disable-werror --with-arch-32=i686 --with-abi=m64 --with-multilib-list=m32,m64,mx32 --with-tune=generic --enable-checking=release --build=x86_64-linux-gnu --host=x86_64-linux-gnu --target=x86_64-linux-gnu
Thread model: posix
gcc version 4.8.4 (Ubuntu 4.8.4-2ubuntu1~14.04) 
configure:3334: $? = 0
configure:3323: gcc -V >&5
gcc: error: unrecognized command line option '-V'
gcc: fatal error: no input files
compilation terminated.
configure:3334: $? = 4
configure:3323: gcc -qversion >&5
gcc: error: unrecognized command line option '-qversion'
gcc: fatal error: no input files
compilation terminated.
configure:3334: $? = 4
configure:3354: checking whether the C compiler works
configure:3376: gcc    conftest.c  >&5
configure:3380: $? = 0
configure:3428: result: yes
configure:3431: checking for C compiler default output file name
configure:3433: result: a.out
configure:3439: checking for suffix of executables
configure:3446: gcc -o conftest    conftest.c  >&5
configure:3450: $? = 0
configure:3472: result: 
configure:3494: checking whether we are cross compiling
configure:3502: gcc -o conftest    conftest.c  >&5
configure:3506: $? = 0
configure:3513: ./conftest
configure:3517: $? = 0
configure:3532: result: no
configure:3537: checking for suffix of object files
configure:3559: gcc -c   conftest.c >&5
configure:3563: $? = 0
configure:3584: result: o
configure:3588: checking whether we are using the GNU C compiler
configure:3607: gcc -c   conftest.c >&5
configure:3607: $? = 0
configure:3616: result: yes
configure:3625: checking whether gcc accepts -g
configure:3645: gcc -c -g  conftest.c >&5
configure:3645: $? = 0
configure:3686: result: yes
configure:3703: checking for gcc option to accept ISO C89
configure:3766: gcc  -c -g -O2  conftest.c >&5
configure:3766: $? = 0
configure:3779: result: none needed
configure:3804: checking whether gcc understands -c and -o together
configure:3826: gcc -c conftest.c -o conftest2.o
configure:3829: $? = 0
configure:3826: gcc -c conftest.c -o conftest2.o
configure:3829: $? = 0
configure:3841: result: yes
configure:3869: checking for style of include used by make
configure:3897: result: GNU
configure:3923: checking dependency style of gcc
configure:4034: result: gcc3
configure:4107: checking for g++
configure:4123: found /usr/bin/g++
configure:4134: result: g++
configure:4161: checking for C++ compiler version
configure:4170: g++ --version >&5
g++ (Ubuntu 4.8.4-2ubuntu1~14.04) 4.8.4
Copyright (C) 2013 Free Software Foundation, Inc.
This is free software; see the source for copying conditions.  There is NO
warranty; not even for MERCHANTABILITY or FITNESS FOR A PARTICULAR PURPOSE.

configure:4181: $? = 0
configure:4170: g++ -v >&5
Using built-in specs.
COLLECT_GCC=g++
COLLECT_LTO_WRAPPER=/usr/lib/gcc/x86_64-linux-gnu/4.8/lto-wrapper
Target: x86_64-linux-gnu
Configured with: ../src/configure -v --with-pkgversion='Ubuntu 4.8.4-2ubuntu1~14.04' --with-bugurl=file:///usr/share/doc/gcc-4.8/README.Bugs --enable-languages=c,c++,java,go,d,fortran,objc,obj-c++ --prefix=/usr --program-suffix=-4.8 --enable-shared --enable-linker-build-id --libexecdir=/usr/lib --without-included-gettext --enable-threads=posix --with-gxx-include-dir=/usr/include/c++/4.8 --libdir=/usr/lib --enable-nls --with-sysroot=/ --enable-clocale=gnu --enable-libstdcxx-debug --enable-libstdcxx-time=yes --enable-gnu-unique-object --disable-libmudflap --enable-plugin --with-system-zlib --disable-browser-plugin --enable-java-awt=gtk --enable-gtk-cairo --with-java-home=/usr/lib/jvm/java-1.5.0-gcj-4.8-amd64/jre --enable-java-home --with-jvm-root-dir=/usr/lib/jvm/java-1.5.0-gcj-4.8-amd64 --with-jvm-jar-dir=/usr/lib/jvm-exports/java-1.5.0-gcj-4.8-amd64 --with-arch-directory=amd64 --with-ecj-jar=/usr/share/java/eclipse-ecj.jar --enable-objc-gc --enable-multiarch --disable-werror --with-arch-32=i686 --with-abi=m64 --with-multilib-list=m32,m64,mx32 --with-tune=generic --enable-checking=release --build=x86_64-linux-gnu --host=x86_64-linux-gnu --target=x86_64-linux-gnu
Thread model: posix
gcc version 4.8.4 (Ubuntu 4.8.4-2ubuntu1~14.04) 
configure:4181: $? = 0
configure:4170: g++ -V >&5
g++: error: unrecognized command line option '-V'
g++: fatal error: no input files
compilation terminated.
configure:4181: $? = 4
configure:4170: g++ -qversion >&5
g++: error: unrecognized command line option '-qversion'
g++: fatal error: no input files
compilation terminated.
configure:4181: $? = 4
configure:4185: checking whether we are using the GNU C++ compiler
configure:4204: g++ -c   conftest.cpp >&5
configure:4204: $? = 0
configure:4213: result: yes
configure:4222: checking whether g++ accepts -g
configure:4242: g++ -c -g  conftest.cpp >&5
configure:4242: $? = 0
configure:4283: result: yes
configure:4308: checking dependency style of g++
configure:4419: result: gcc3
configure:4463: checking build system type
configure:4477: result: x86_64-unknown-linux-gnu
configure:4497: checking host system type
configure:4510: result: x86_64-unknown-linux-gnu
configure:4530: checking for a sed that does not truncate output
configure:4594: result: /bin/sed
configure:4612: checking for grep that handles long lines and -e
configure:4670: result: /bin/grep
configure:4675: checking for egrep
configure:4737: result: /bin/grep -E
configure:4742: checking for fgrep
configure:4804: result: /bin/grep -F
configure:4839: checking for ld used by gcc
configure:4906: result: /usr/bin/ld
configure:4913: checking if the linker (/usr/bin/ld) is GNU ld
configure:4928: result: yes
configure:4940: checking for BSD- or MS-compatible name lister (nm)
configure:4989: result: /usr/bin/nm -B
configure:5107: checking the name lister (/usr/bin/nm -B) interface
configure:5114: gcc -c -g -O2  conftest.c >&5
configure:5117: /usr/bin/nm -B "conftest.o"
configure:5120: output
0000000000000000 B some_variable
configure:5127: result: BSD nm
configure:5130: checking whether ln -s works
configure:5134: result: yes
configure:5142: checking the maximum length of command line arguments
configure:5262: result: 1572864
configure:5279: checking whether the shell understands some XSI constructs
configure:5289: result: yes
configure:5293: checking whether the shell understands "+="
configure:5299: result: yes
configure:5334: checking for /usr/bin/ld option to reload object files
configure:5341: result: -r
configure:5410: checking for objdump
configure:5426: found /usr/bin/objdump
configure:5437: result: objdump
configure:5469: checking how to recognize dependent libraries
configure:5665: result: pass_all
configure:5725: checking for ar
configure:5741: found /usr/bin/ar
configure:5752: result: ar
configure:5830: checking for strip
configure:5846: found /usr/bin/strip
configure:5857: result: strip
configure:5929: checking for ranlib
configure:5945: found /usr/bin/ranlib
configure:5956: result: ranlib
configure:6046: checking command to parse /usr/bin/nm -B output from gcc object
configure:6164: gcc -c -g -O2  conftest.c >&5
configure:6167: $? = 0
configure:6171: /usr/bin/nm -B conftest.o \| sed -n -e 's/^.*[	 ]\([ABCDGIRSTW][ABCDGIRSTW]*\)[	 ][	 ]*\([_A-Za-z][_A-Za-z0-9]*\)$/\1 \2 \2/p' \> conftest.nm
configure:6174: $? = 0
configure:6228: gcc -o conftest -g -O2   conftest.c conftstm.o >&5
configure:6231: $? = 0
configure:6269: result: ok
configure:6365: gcc -c -g -O2  conftest.c >&5
configure:6368: $? = 0
configure:7078: checking how to run the C preprocessor
configure:7109: gcc -E  conftest.c
configure:7109: $? = 0
configure:7123: gcc -E  conftest.c
conftest.c:11:28: fatal error: ac_nonexistent.h: No such file or directory
 #include <ac_nonexistent.h>
                            ^
compilation terminated.
configure:7123: $? = 1
configure: failed program was:
| /* confdefs.h */
| #define PACKAGE_NAME "Gordon-Text_utils-Library"
| #define PACKAGE_TARNAME "libgtextutils"
| #define PACKAGE_VERSION "0.7"
| #define PACKAGE_STRING "Gordon-Text_utils-Library 0.7"
| #define PACKAGE_BUGREPORT "A. Gordon assafgordon@gmail.com"
| #define PACKAGE_URL ""
| #define PACKAGE "libgtextutils"
| #define VERSION "0.7"
| /* end confdefs.h.  */
| #include <ac_nonexistent.h>
configure:7148: result: gcc -E
configure:7168: gcc -E  conftest.c
configure:7168: $? = 0
configure:7182: gcc -E  conftest.c
conftest.c:11:28: fatal error: ac_nonexistent.h: No such file or directory
 #include <ac_nonexistent.h>
                            ^
compilation terminated.
configure:7182: $? = 1
configure: failed program was:
| /* confdefs.h */
| #define PACKAGE_NAME "Gordon-Text_utils-Library"
| #define PACKAGE_TARNAME "libgtextutils"
| #define PACKAGE_VERSION "0.7"
| #define PACKAGE_STRING "Gordon-Text_utils-Library 0.7"
| #define PACKAGE_BUGREPORT "A. Gordon assafgordon@gmail.com"
| #define PACKAGE_URL ""
| #define PACKAGE "libgtextutils"
| #define VERSION "0.7"
| /* end confdefs.h.  */
| #include <ac_nonexistent.h>
configure:7211: checking for ANSI C header files
configure:7231: gcc -c -g -O2  conftest.c >&5
configure:7231: $? = 0
configure:7304: gcc -o conftest -g -O2   conftest.c  >&5
configure:7304: $? = 0
configure:7304: ./conftest
configure:7304: $? = 0
configure:7315: result: yes
configure:7328: checking for sys/types.h
configure:7328: gcc -c -g -O2  conftest.c >&5
configure:7328: $? = 0
configure:7328: result: yes
configure:7328: checking for sys/stat.h
configure:7328: gcc -c -g -O2  conftest.c >&5
configure:7328: $? = 0
configure:7328: result: yes
configure:7328: checking for stdlib.h
configure:7328: gcc -c -g -O2  conftest.c >&5
configure:7328: $? = 0
configure:7328: result: yes
configure:7328: checking for string.h
configure:7328: gcc -c -g -O2  conftest.c >&5
configure:7328: $? = 0
configure:7328: result: yes
configure:7328: checking for memory.h
configure:7328: gcc -c -g -O2  conftest.c >&5
configure:7328: $? = 0
configure:7328: result: yes
configure:7328: checking for strings.h
configure:7328: gcc -c -g -O2  conftest.c >&5
configure:7328: $? = 0
configure:7328: result: yes
configure:7328: checking for inttypes.h
configure:7328: gcc -c -g -O2  conftest.c >&5
configure:7328: $? = 0
configure:7328: result: yes
configure:7328: checking for stdint.h
configure:7328: gcc -c -g -O2  conftest.c >&5
configure:7328: $? = 0
configure:7328: result: yes
configure:7328: checking for unistd.h
configure:7328: gcc -c -g -O2  conftest.c >&5
configure:7328: $? = 0
configure:7328: result: yes
configure:7342: checking for dlfcn.h
configure:7342: gcc -c -g -O2  conftest.c >&5
configure:7342: $? = 0
configure:7342: result: yes
configure:7467: checking for C++ compiler version
configure:7476: g++ --version >&5
g++ (Ubuntu 4.8.4-2ubuntu1~14.04) 4.8.4
Copyright (C) 2013 Free Software Foundation, Inc.
This is free software; see the source for copying conditions.  There is NO
warranty; not even for MERCHANTABILITY or FITNESS FOR A PARTICULAR PURPOSE.

configure:7487: $? = 0
configure:7476: g++ -v >&5
Using built-in specs.
COLLECT_GCC=g++
COLLECT_LTO_WRAPPER=/usr/lib/gcc/x86_64-linux-gnu/4.8/lto-wrapper
Target: x86_64-linux-gnu
Configured with: ../src/configure -v --with-pkgversion='Ubuntu 4.8.4-2ubuntu1~14.04' --with-bugurl=file:///usr/share/doc/gcc-4.8/README.Bugs --enable-languages=c,c++,java,go,d,fortran,objc,obj-c++ --prefix=/usr --program-suffix=-4.8 --enable-shared --enable-linker-build-id --libexecdir=/usr/lib --without-included-gettext --enable-threads=posix --with-gxx-include-dir=/usr/include/c++/4.8 --libdir=/usr/lib --enable-nls --with-sysroot=/ --enable-clocale=gnu --enable-libstdcxx-debug --enable-libstdcxx-time=yes --enable-gnu-unique-object --disable-libmudflap --enable-plugin --with-system-zlib --disable-browser-plugin --enable-java-awt=gtk --enable-gtk-cairo --with-java-home=/usr/lib/jvm/java-1.5.0-gcj-4.8-amd64/jre --enable-java-home --with-jvm-root-dir=/usr/lib/jvm/java-1.5.0-gcj-4.8-amd64 --with-jvm-jar-dir=/usr/lib/jvm-exports/java-1.5.0-gcj-4.8-amd64 --with-arch-directory=amd64 --with-ecj-jar=/usr/share/java/eclipse-ecj.jar --enable-objc-gc --enable-multiarch --disable-werror --with-arch-32=i686 --with-abi=m64 --with-multilib-list=m32,m64,mx32 --with-tune=generic --enable-checking=release --build=x86_64-linux-gnu --host=x86_64-linux-gnu --target=x86_64-linux-gnu
Thread model: posix
gcc version 4.8.4 (Ubuntu 4.8.4-2ubuntu1~14.04) 
configure:7487: $? = 0
configure:7476: g++ -V >&5
g++: error: unrecognized command line option '-V'
g++: fatal error: no input files
compilation terminated.
configure:7487: $? = 4
configure:7476: g++ -qversion >&5
g++: error: unrecognized command line option '-qversion'
g++: fatal error: no input files
compilation terminated.
configure:7487: $? = 4
configure:7491: checking whether we are using the GNU C++ compiler
configure:7519: result: yes
configure:7528: checking whether g++ accepts -g
configure:7589: result: yes
configure:7614: checking dependency style of g++
configure:7725: result: gcc3
configure:7748: checking how to run the C++ preprocessor
configure:7775: g++ -E  conftest.cpp
configure:7775: $? = 0
configure:7789: g++ -E  conftest.cpp
conftest.cpp:22:28: fatal error: ac_nonexistent.h: No such file or directory
 #include <ac_nonexistent.h>
                            ^
compilation terminated.
configure:7789: $? = 1
configure: failed program was:
| /* confdefs.h */
| #define PACKAGE_NAME "Gordon-Text_utils-Library"
| #define PACKAGE_TARNAME "libgtextutils"
| #define PACKAGE_VERSION "0.7"
| #define PACKAGE_STRING "Gordon-Text_utils-Library 0.7"
| #define PACKAGE_BUGREPORT "A. Gordon assafgordon@gmail.com"
| #define PACKAGE_URL ""
| #define PACKAGE "libgtextutils"
| #define VERSION "0.7"
| #define STDC_HEADERS 1
| #define HAVE_SYS_TYPES_H 1
| #define HAVE_SYS_STAT_H 1
| #define HAVE_STDLIB_H 1
| #define HAVE_STRING_H 1
| #define HAVE_MEMORY_H 1
| #define HAVE_STRINGS_H 1
| #define HAVE_INTTYPES_H 1
| #define HAVE_STDINT_H 1
| #define HAVE_UNISTD_H 1
| #define HAVE_DLFCN_H 1
| /* end confdefs.h.  */
| #include <ac_nonexistent.h>
configure:7814: result: g++ -E
configure:7834: g++ -E  conftest.cpp
configure:7834: $? = 0
configure:7848: g++ -E  conftest.cpp
conftest.cpp:22:28: fatal error: ac_nonexistent.h: No such file or directory
 #include <ac_nonexistent.h>
                            ^
compilation terminated.
configure:7848: $? = 1
configure: failed program was:
| /* confdefs.h */
| #define PACKAGE_NAME "Gordon-Text_utils-Library"
| #define PACKAGE_TARNAME "libgtextutils"
| #define PACKAGE_VERSION "0.7"
| #define PACKAGE_STRING "Gordon-Text_utils-Library 0.7"
| #define PACKAGE_BUGREPORT "A. Gordon assafgordon@gmail.com"
| #define PACKAGE_URL ""
| #define PACKAGE "libgtextutils"
| #define VERSION "0.7"
| #define STDC_HEADERS 1
| #define HAVE_SYS_TYPES_H 1
| #define HAVE_SYS_STAT_H 1
| #define HAVE_STDLIB_H 1
| #define HAVE_STRING_H 1
| #define HAVE_MEMORY_H 1
| #define HAVE_STRINGS_H 1
| #define HAVE_INTTYPES_H 1
| #define HAVE_STDINT_H 1
| #define HAVE_UNISTD_H 1
| #define HAVE_DLFCN_H 1
| /* end confdefs.h.  */
| #include <ac_nonexistent.h>
configure:8054: checking for objdir
configure:8069: result: .libs
configure:8365: checking if gcc supports -fno-rtti -fno-exceptions
configure:8383: gcc -c -g -O2  -fno-rtti -fno-exceptions conftest.c >&5
cc1: warning: command line option '-fno-rtti' is valid for C++/ObjC++ but not for C [enabled by default]
configure:8387: $? = 0
configure:8400: result: no
configure:8420: checking for gcc option to produce PIC
configure:8692: result: -fPIC -DPIC
configure:8704: checking if gcc PIC flag -fPIC -DPIC works
configure:8722: gcc -c -g -O2  -fPIC -DPIC -DPIC conftest.c >&5
configure:8726: $? = 0
configure:8739: result: yes
configure:8763: checking if gcc static flag -static works
configure:8791: result: yes
configure:8806: checking if gcc supports -c -o file.o
configure:8827: gcc -c -g -O2  -o out/conftest2.o conftest.c >&5
configure:8831: $? = 0
configure:8853: result: yes
configure:8861: checking if gcc supports -c -o file.o
configure:8908: result: yes
configure:8941: checking whether the gcc linker (/usr/bin/ld -m elf_x86_64) supports shared libraries
configure:9932: result: yes
configure:9969: checking whether -lc should be explicitly linked in
configure:9974: gcc -c -g -O2  conftest.c >&5
configure:9977: $? = 0
configure:9992: gcc -shared conftest.o  -v -Wl,-soname -Wl,conftest -o conftest 2\>\&1 \| /bin/grep  -lc  \>/dev/null 2\>\&1
configure:9995: $? = 0
configure:10007: result: no
configure:10171: checking dynamic linker characteristics
configure:10604: gcc -o conftest -g -O2   -Wl,-rpath -Wl,/foo conftest.c  >&5
configure:10604: $? = 0
configure:10834: result: GNU/Linux ld.so
configure:10936: checking how to hardcode library paths into programs
configure:10961: result: immediate
configure:11481: checking whether stripping libraries is possible
configure:11486: result: yes
configure:11521: checking if libtool supports shared libraries
configure:11523: result: yes
configure:11526: checking whether to build shared libraries
configure:11547: result: yes
configure:11550: checking whether to build static libraries
configure:11554: result: yes
configure:11704: checking for ld used by g++
configure:11771: result: /usr/bin/ld -m elf_x86_64
configure:11778: checking if the linker (/usr/bin/ld -m elf_x86_64) is GNU ld
configure:11793: result: yes
configure:11848: checking whether the g++ linker (/usr/bin/ld -m elf_x86_64) supports shared libraries
configure:12761: result: yes
configure:12789: g++ -c -g -O2  conftest.cpp >&5
configure:12792: $? = 0
configure:12974: checking for g++ option to produce PIC
configure:13291: result: -fPIC -DPIC
configure:13300: checking if g++ PIC flag -fPIC -DPIC works
configure:13318: g++ -c -g -O2  -fPIC -DPIC -DPIC conftest.cpp >&5
configure:13322: $? = 0
configure:13335: result: yes
configure:13356: checking if g++ static flag -static works
configure:13384: result: yes
configure:13396: checking if g++ supports -c -o file.o
configure:13417: g++ -c -g -O2  -o out/conftest2.o conftest.cpp >&5
configure:13421: $? = 0
configure:13443: result: yes
configure:13448: checking if g++ supports -c -o file.o
configure:13495: result: yes
configure:13525: checking whether the g++ linker (/usr/bin/ld -m elf_x86_64) supports shared libraries
configure:13554: result: yes
configure:13691: checking dynamic linker characteristics
configure:14072: g++ -o conftest -g -O2   -Wl,-rpath -Wl,/foo conftest.cpp  >&5
configure:14072: $? = 0
configure:14302: result: GNU/Linux ld.so
configure:14353: checking how to hardcode library paths into programs
configure:14378: result: immediate
configure:14613: checking that generated files are newer than configure
configure:14619: result: done
configure:14654: creating ./config.status

## ---------------------- ##
## Running config.status. ##
## ---------------------- ##

This file was extended by Gordon-Text_utils-Library config.status 0.7, which was
generated by GNU Autoconf 2.69.  Invocation command line was

  CONFIG_FILES    = 
  CONFIG_HEADERS  = 
  CONFIG_LINKS    = 
  CONFIG_COMMANDS = 
  $ ./config.status 

on gena

config.status:1138: creating Makefile
config.status:1138: creating doc/Makefile
config.status:1138: creating m4/Makefile
config.status:1138: creating src/Makefile
config.status:1138: creating src/gtextutils/Makefile
config.status:1138: creating gtextutils.pc
config.status:1138: creating tests/Makefile
config.status:1138: creating config.h
config.status:1319: config.h is unchanged
config.status:1367: executing depfiles commands
config.status:1367: executing libtool commands

## ---------------- ##
## Cache variables. ##
## ---------------- ##

ac_cv_build=x86_64-unknown-linux-gnu
ac_cv_c_compiler_gnu=yes
ac_cv_cxx_compiler_gnu=yes
ac_cv_env_CCC_set=
ac_cv_env_CCC_value=
ac_cv_env_CC_set=
ac_cv_env_CC_value=
ac_cv_env_CFLAGS_set=
ac_cv_env_CFLAGS_value=
ac_cv_env_CPPFLAGS_set=
ac_cv_env_CPPFLAGS_value=
ac_cv_env_CPP_set=
ac_cv_env_CPP_value=
ac_cv_env_CXXCPP_set=
ac_cv_env_CXXCPP_value=
ac_cv_env_CXXFLAGS_set=
ac_cv_env_CXXFLAGS_value=
ac_cv_env_CXX_set=
ac_cv_env_CXX_value=
ac_cv_env_LDFLAGS_set=
ac_cv_env_LDFLAGS_value=
ac_cv_env_LIBS_set=
ac_cv_env_LIBS_value=
ac_cv_env_build_alias_set=
ac_cv_env_build_alias_value=
ac_cv_env_host_alias_set=
ac_cv_env_host_alias_value=
ac_cv_env_target_alias_set=
ac_cv_env_target_alias_value=
ac_cv_header_dlfcn_h=yes
ac_cv_header_inttypes_h=yes
ac_cv_header_memory_h=yes
ac_cv_header_stdc=yes
ac_cv_header_stdint_h=yes
ac_cv_header_stdlib_h=yes
ac_cv_header_string_h=yes
ac_cv_header_strings_h=yes
ac_cv_header_sys_stat_h=yes
ac_cv_header_sys_types_h=yes
ac_cv_header_unistd_h=yes
ac_cv_host=x86_64-unknown-linux-gnu
ac_cv_objext=o
ac_cv_path_EGREP='/bin/grep -E'
ac_cv_path_FGREP='/bin/grep -F'
ac_cv_path_GREP=/bin/grep
ac_cv_path_SED=/bin/sed
ac_cv_path_install='/usr/bin/install -c'
ac_cv_path_mkdir=/bin/mkdir
ac_cv_prog_AWK=gawk
ac_cv_prog_CPP='gcc -E'
ac_cv_prog_CXXCPP='g++ -E'
ac_cv_prog_ac_ct_AR=ar
ac_cv_prog_ac_ct_CC=gcc
ac_cv_prog_ac_ct_CXX=g++
ac_cv_prog_ac_ct_OBJDUMP=objdump
ac_cv_prog_ac_ct_RANLIB=ranlib
ac_cv_prog_ac_ct_STRIP=strip
ac_cv_prog_cc_c89=
ac_cv_prog_cc_g=yes
ac_cv_prog_cxx_g=yes
ac_cv_prog_make_make_set=yes
am_cv_CC_dependencies_compiler_type=gcc3
am_cv_CXX_dependencies_compiler_type=gcc3
am_cv_make_support_nested_variables=yes
am_cv_prog_cc_c_o=yes
lt_cv_deplibs_check_method=pass_all
lt_cv_file_magic_cmd='$MAGIC_CMD'
lt_cv_file_magic_test_file=
lt_cv_ld_reload_flag=-r
lt_cv_nm_interface='BSD nm'
lt_cv_objdir=.libs
lt_cv_path_LD=/usr/bin/ld
lt_cv_path_LDCXX='/usr/bin/ld -m elf_x86_64'
lt_cv_path_NM='/usr/bin/nm -B'
lt_cv_prog_compiler_c_o=yes
lt_cv_prog_compiler_c_o_CXX=yes
lt_cv_prog_compiler_pic_works=yes
lt_cv_prog_compiler_pic_works_CXX=yes
lt_cv_prog_compiler_rtti_exceptions=no
lt_cv_prog_compiler_static_works=yes
lt_cv_prog_compiler_static_works_CXX=yes
lt_cv_prog_gnu_ld=yes
lt_cv_prog_gnu_ldcxx=yes
lt_cv_sys_global_symbol_pipe='sed -n -e '\''s/^.*[	 ]\([ABCDGIRSTW][ABCDGIRSTW]*\)[	 ][	 ]*\([_A-Za-z][_A-Za-z0-9]*\)$/\1 \2 \2/p'\'''
lt_cv_sys_global_symbol_to_c_name_address='sed -n -e '\''s/^: \([^ ]*\) $/  {\"\1\", (void *) 0},/p'\'' -e '\''s/^[ABCDGIRSTW]* \([^ ]*\) \([^ ]*\)$/  {"\2", (void *) \&\2},/p'\'''
lt_cv_sys_global_symbol_to_c_name_address_lib_prefix='sed -n -e '\''s/^: \([^ ]*\) $/  {\"\1\", (void *) 0},/p'\'' -e '\''s/^[ABCDGIRSTW]* \([^ ]*\) \(lib[^ ]*\)$/  {"\2", (void *) \&\2},/p'\'' -e '\''s/^[ABCDGIRSTW]* \([^ ]*\) \([^ ]*\)$/  {"lib\2", (void *) \&\2},/p'\'''
lt_cv_sys_global_symbol_to_cdecl='sed -n -e '\''s/^T .* \(.*\)$/extern int \1();/p'\'' -e '\''s/^[ABCDGIRSTW]* .* \(.*\)$/extern char \1;/p'\'''
lt_cv_sys_max_cmd_len=1572864

## ----------------- ##
## Output variables. ##
## ----------------- ##

ACLOCAL='aclocal-1.14'
AMDEPBACKSLASH='\'
AMDEP_FALSE='#'
AMDEP_TRUE=''
AMTAR='$${TAR-tar}'
AM_BACKSLASH='\'
AM_DEFAULT_V='$(AM_DEFAULT_VERBOSITY)'
AM_DEFAULT_VERBOSITY='1'
AM_V='$(V)'
AR='ar'
AUTOCONF='autoconf'
AUTOHEADER='autoheader'
AUTOMAKE='automake-1.14'
AWK='gawk'
CC='gcc'
CCDEPMODE='depmode=gcc3'
CFLAGS='-g -O2 -Wall -Wextra -Wformat-nonliteral -Wformat-security -Wswitch-default -Wswitch-enum -Wunused-parameter -Wfloat-equal -Werror -DDEBUG -g -O1'
CPP='gcc -E'
CPPFLAGS=''
CXX='g++'
CXXCPP='g++ -E'
CXXDEPMODE='depmode=gcc3'
CXXFLAGS='-g -O2 -Wall -Wextra -Wformat-nonliteral -Wformat-security -Wswitch-default -Wswitch-enum -Wunused-parameter -Wfloat-equal -Werror -DDEBUG -g -O1 -DDEBUG -g -O1'
CYGPATH_W='echo'
DEFS='-DHAVE_CONFIG_H'
DEPDIR='.deps'
DSYMUTIL=''
DUMPBIN=''
ECHO_C=''
ECHO_N='-n'
ECHO_T=''
EGREP='/bin/grep -E'
EXEEXT=''
FGREP='/bin/grep -F'
GREP='/bin/grep'
INSTALL_DATA='${INSTALL} -m 644'
INSTALL_PROGRAM='${INSTALL}'
INSTALL_SCRIPT='${INSTALL}'
INSTALL_STRIP_PROGRAM='$(install_sh) -c -s'
LD='/usr/bin/ld -m elf_x86_64'
LDFLAGS=''
LIBGTU_AGE='0'
LIBGTU_CURRENT='0'
LIBGTU_REVISION='0'
LIBOBJS=''
LIBS=''
LIBTOOL='$(SHELL) $(top_builddir)/libtool'
LIPO=''
LN_S='ln -s'
LTLIBOBJS=''
MAKEINFO='makeinfo'
MKDIR_P='/bin/mkdir -p'
NM='/usr/bin/nm -B'
NMEDIT=''
OBJDUMP='objdump'
OBJEXT='o'
OTOOL64=''
OTOOL=''
PACKAGE='libgtextutils'
PACKAGE_BUGREPORT='A. Gordon assafgordon@gmail.com'
PACKAGE_NAME='Gordon-Text_utils-Library'
PACKAGE_STRING='Gordon-Text_utils-Library 0.7'
PACKAGE_TARNAME='libgtextutils'
PACKAGE_URL=''
PACKAGE_VERSION='0.7'
PATH_SEPARATOR=':'
RANLIB='ranlib'
SED='/bin/sed'
SET_MAKE=''
SHELL='/bin/bash'
STRIP='strip'
TUPLE_PARSER_CHECK_FALSE=''
TUPLE_PARSER_CHECK_TRUE='#'
VERSION='0.7'
ac_ct_CC='gcc'
ac_ct_CXX='g++'
ac_ct_DUMPBIN=''
am__EXEEXT_FALSE=''
am__EXEEXT_TRUE='#'
am__fastdepCC_FALSE='#'
am__fastdepCC_TRUE=''
am__fastdepCXX_FALSE='#'
am__fastdepCXX_TRUE=''
am__include='include'
am__isrc=''
am__leading_dot='.'
am__nodep='_no'
am__quote=''
am__tar='$${TAR-tar} chof - "$$tardir"'
am__untar='$${TAR-tar} xf -'
bindir='${exec_prefix}/bin'
build='x86_64-unknown-linux-gnu'
build_alias=''
build_cpu='x86_64'
build_os='linux-gnu'
build_vendor='unknown'
datadir='${datarootdir}'
datarootdir='${prefix}/share'
docdir='${datarootdir}/doc/${PACKAGE_TARNAME}'
dvidir='${docdir}'
exec_prefix='${prefix}'
host='x86_64-unknown-linux-gnu'
host_alias=''
host_cpu='x86_64'
host_os='linux-gnu'
host_vendor='unknown'
htmldir='${docdir}'
includedir='${prefix}/include'
infodir='${datarootdir}/info'
install_sh='${SHELL} /home/ngs/program/retropipeline/libgtextutils-0.7/config/install-sh'
libdir='${exec_prefix}/lib'
libexecdir='${exec_prefix}/libexec'
localedir='${datarootdir}/locale'
localstatedir='${prefix}/var'
lt_ECHO='echo'
mandir='${datarootdir}/man'
mkdir_p='$(MKDIR_P)'
oldincludedir='/usr/include'
pdfdir='${docdir}'
prefix='/usr/local'
program_transform_name='s,x,x,'
psdir='${docdir}'
sbindir='${exec_prefix}/sbin'
sharedstatedir='${prefix}/com'
sysconfdir='${prefix}/etc'
target_alias=''

## ----------- ##
## confdefs.h. ##
## ----------- ##

/* confdefs.h */
#define PACKAGE_NAME "Gordon-Text_utils-Library"
#define PACKAGE_TARNAME "libgtextutils"
#define PACKAGE_VERSION "0.7"
#define PACKAGE_STRING "Gordon-Text_utils-Library 0.7"
#define PACKAGE_BUGREPORT "A. Gordon assafgordon@gmail.com"
#define PACKAGE_URL ""
#define PACKAGE "libgtextutils"
#define VERSION "0.7"
#define STDC_HEADERS 1
#define HAVE_SYS_TYPES_H 1
#define HAVE_SYS_STAT_H 1
#define HAVE_STDLIB_H 1
#define HAVE_STRING_H 1
#define HAVE_MEMORY_H 1
#define HAVE_STRINGS_H 1
#define HAVE_INTTYPES_H 1
#define HAVE_STDINT_H 1
#define HAVE_UNISTD_H 1
#define HAVE_DLFCN_H 1
#define LT_OBJDIR ".libs/"

configure: exit 0
