This file contains any messages produced by compilers while
running configure, to aid debugging if configure makes a mistake.

It was created by FASTX Toolkit configure 0.0.14, which was
generated by GNU Autoconf 2.69.  Invocation command line was

  $ ./configure --no-create --no-recursion

## --------- ##
## Platform. ##
## --------- ##

hostname = gena
uname -m = x86_64
uname -r = 3.16.0-38-generic
uname -s = Linux
uname -v = #52~14.04.1-Ubuntu SMP Fri May 8 09:43:57 UTC 2015

/usr/bin/uname -p = unknown
/bin/uname -X     = unknown

/bin/arch              = unknown
/usr/bin/arch -k       = unknown
/usr/convex/getsysinfo = unknown
/usr/bin/hostinfo      = unknown
/bin/machine           = unknown
/usr/bin/oslevel       = unknown
/bin/universe          = unknown

PATH: /usr/local/sbin
PATH: /usr/local/bin
PATH: /usr/sbin
PATH: /usr/bin
PATH: /sbin
PATH: /bin
PATH: /usr/games
PATH: /usr/local/games
PATH: /usr/lib/jvm/java-8-oracle/bin
PATH: /usr/lib/jvm/java-8-oracle/db/bin
PATH: /usr/lib/jvm/java-8-oracle/jre/bin


## ----------- ##
## Core tests. ##
## ----------- ##

configure:2457: checking for a BSD-compatible install
configure:2525: result: /usr/bin/install -c
configure:2536: checking whether build environment is sane
configure:2591: result: yes
configure:2742: checking for a thread-safe mkdir -p
configure:2781: result: /bin/mkdir -p
configure:2788: checking for gawk
configure:2804: found /usr/bin/gawk
configure:2815: result: gawk
configure:2826: checking whether make sets $(MAKE)
configure:2848: result: yes
configure:2877: checking whether make supports nested variables
configure:2894: result: yes
configure:3068: checking for gcc
configure:3084: found /usr/bin/gcc
configure:3095: result: gcc
configure:3324: checking for C compiler version
configure:3333: gcc --version >&5
gcc (Ubuntu 4.8.4-2ubuntu1~14.04) 4.8.4
Copyright (C) 2013 Free Software Foundation, Inc.
This is free software; see the source for copying conditions.  There is NO
warranty; not even for MERCHANTABILITY or FITNESS FOR A PARTICULAR PURPOSE.

configure:3344: $? = 0
configure:3333: gcc -v >&5
Using built-in specs.
COLLECT_GCC=gcc
COLLECT_LTO_WRAPPER=/usr/lib/gcc/x86_64-linux-gnu/4.8/lto-wrapper
Target: x86_64-linux-gnu
Configured with: ../src/configure -v --with-pkgversion='Ubuntu 4.8.4-2ubuntu1~14.04' --with-bugurl=file:///usr/share/doc/gcc-4.8/README.Bugs --enable-languages=c,c++,java,go,d,fortran,objc,obj-c++ --prefix=/usr --program-suffix=-4.8 --enable-shared --enable-linker-build-id --libexecdir=/usr/lib --without-included-gettext --enable-threads=posix --with-gxx-include-dir=/usr/include/c++/4.8 --libdir=/usr/lib --enable-nls --with-sysroot=/ --enable-clocale=gnu --enable-libstdcxx-debug --enable-libstdcxx-time=yes --enable-gnu-unique-object --disable-libmudflap --enable-plugin --with-system-zlib --disable-browser-plugin --enable-java-awt=gtk --enable-gtk-cairo --with-java-home=/usr/lib/jvm/java-1.5.0-gcj-4.8-amd64/jre --enable-java-home --with-jvm-root-dir=/usr/lib/jvm/java-1.5.0-gcj-4.8-amd64 --with-jvm-jar-dir=/usr/lib/jvm-exports/java-1.5.0-gcj-4.8-amd64 --with-arch-directory=amd64 --with-ecj-jar=/usr/share/java/eclipse-ecj.jar --enable-objc-gc --enable-multiarch --disable-werror --with-arch-32=i686 --with-abi=m64 --with-multilib-list=m32,m64,mx32 --with-tune=generic --enable-checking=release --build=x86_64-linux-gnu --host=x86_64-linux-gnu --target=x86_64-linux-gnu
Thread model: posix
gcc version 4.8.4 (Ubuntu 4.8.4-2ubuntu1~14.04) 
configure:3344: $? = 0
configure:3333: gcc -V >&5
gcc: error: unrecognized command line option '-V'
gcc: fatal error: no input files
compilation terminated.
configure:3344: $? = 4
configure:3333: gcc -qversion >&5
gcc: error: unrecognized command line option '-qversion'
gcc: fatal error: no input files
compilation terminated.
configure:3344: $? = 4
configure:3364: checking whether the C compiler works
configure:3386: gcc    conftest.c  >&5
configure:3390: $? = 0
configure:3438: result: yes
configure:3441: checking for C compiler default output file name
configure:3443: result: a.out
configure:3449: checking for suffix of executables
configure:3456: gcc -o conftest    conftest.c  >&5
configure:3460: $? = 0
configure:3482: result: 
configure:3504: checking whether we are cross compiling
configure:3512: gcc -o conftest    conftest.c  >&5
configure:3516: $? = 0
configure:3523: ./conftest
configure:3527: $? = 0
configure:3542: result: no
configure:3547: checking for suffix of object files
configure:3569: gcc -c   conftest.c >&5
configure:3573: $? = 0
configure:3594: result: o
configure:3598: checking whether we are using the GNU C compiler
configure:3617: gcc -c   conftest.c >&5
configure:3617: $? = 0
configure:3626: result: yes
configure:3635: checking whether gcc accepts -g
configure:3655: gcc -c -g  conftest.c >&5
configure:3655: $? = 0
configure:3696: result: yes
configure:3713: checking for gcc option to accept ISO C89
configure:3776: gcc  -c -g -O2  conftest.c >&5
configure:3776: $? = 0
configure:3789: result: none needed
configure:3814: checking whether gcc understands -c and -o together
configure:3836: gcc -c conftest.c -o conftest2.o
configure:3839: $? = 0
configure:3836: gcc -c conftest.c -o conftest2.o
configure:3839: $? = 0
configure:3851: result: yes
configure:3879: checking for style of include used by make
configure:3907: result: GNU
configure:3933: checking dependency style of gcc
configure:4044: result: gcc3
configure:4117: checking for g++
configure:4133: found /usr/bin/g++
configure:4144: result: g++
configure:4171: checking for C++ compiler version
configure:4180: g++ --version >&5
g++ (Ubuntu 4.8.4-2ubuntu1~14.04) 4.8.4
Copyright (C) 2013 Free Software Foundation, Inc.
This is free software; see the source for copying conditions.  There is NO
warranty; not even for MERCHANTABILITY or FITNESS FOR A PARTICULAR PURPOSE.

configure:4191: $? = 0
configure:4180: g++ -v >&5
Using built-in specs.
COLLECT_GCC=g++
COLLECT_LTO_WRAPPER=/usr/lib/gcc/x86_64-linux-gnu/4.8/lto-wrapper
Target: x86_64-linux-gnu
Configured with: ../src/configure -v --with-pkgversion='Ubuntu 4.8.4-2ubuntu1~14.04' --with-bugurl=file:///usr/share/doc/gcc-4.8/README.Bugs --enable-languages=c,c++,java,go,d,fortran,objc,obj-c++ --prefix=/usr --program-suffix=-4.8 --enable-shared --enable-linker-build-id --libexecdir=/usr/lib --without-included-gettext --enable-threads=posix --with-gxx-include-dir=/usr/include/c++/4.8 --libdir=/usr/lib --enable-nls --with-sysroot=/ --enable-clocale=gnu --enable-libstdcxx-debug --enable-libstdcxx-time=yes --enable-gnu-unique-object --disable-libmudflap --enable-plugin --with-system-zlib --disable-browser-plugin --enable-java-awt=gtk --enable-gtk-cairo --with-java-home=/usr/lib/jvm/java-1.5.0-gcj-4.8-amd64/jre --enable-java-home --with-jvm-root-dir=/usr/lib/jvm/java-1.5.0-gcj-4.8-amd64 --with-jvm-jar-dir=/usr/lib/jvm-exports/java-1.5.0-gcj-4.8-amd64 --with-arch-directory=amd64 --with-ecj-jar=/usr/share/java/eclipse-ecj.jar --enable-objc-gc --enable-multiarch --disable-werror --with-arch-32=i686 --with-abi=m64 --with-multilib-list=m32,m64,mx32 --with-tune=generic --enable-checking=release --build=x86_64-linux-gnu --host=x86_64-linux-gnu --target=x86_64-linux-gnu
Thread model: posix
gcc version 4.8.4 (Ubuntu 4.8.4-2ubuntu1~14.04) 
configure:4191: $? = 0
configure:4180: g++ -V >&5
g++: error: unrecognized command line option '-V'
g++: fatal error: no input files
compilation terminated.
configure:4191: $? = 4
configure:4180: g++ -qversion >&5
g++: error: unrecognized command line option '-qversion'
g++: fatal error: no input files
compilation terminated.
configure:4191: $? = 4
configure:4195: checking whether we are using the GNU C++ compiler
configure:4214: g++ -c   conftest.cpp >&5
configure:4214: $? = 0
configure:4223: result: yes
configure:4232: checking whether g++ accepts -g
configure:4252: g++ -c -g  conftest.cpp >&5
configure:4252: $? = 0
configure:4293: result: yes
configure:4318: checking dependency style of g++
configure:4429: result: gcc3
configure:4473: checking build system type
configure:4487: result: x86_64-unknown-linux-gnu
configure:4507: checking host system type
configure:4520: result: x86_64-unknown-linux-gnu
configure:4540: checking for a sed that does not truncate output
configure:4604: result: /bin/sed
configure:4622: checking for grep that handles long lines and -e
configure:4680: result: /bin/grep
configure:4685: checking for egrep
configure:4747: result: /bin/grep -E
configure:4752: checking for fgrep
configure:4814: result: /bin/grep -F
configure:4849: checking for ld used by gcc
configure:4916: result: /usr/bin/ld
configure:4923: checking if the linker (/usr/bin/ld) is GNU ld
configure:4938: result: yes
configure:4950: checking for BSD- or MS-compatible name lister (nm)
configure:4999: result: /usr/bin/nm -B
configure:5117: checking the name lister (/usr/bin/nm -B) interface
configure:5124: gcc -c -g -O2  conftest.c >&5
configure:5127: /usr/bin/nm -B "conftest.o"
configure:5130: output
0000000000000000 B some_variable
configure:5137: result: BSD nm
configure:5140: checking whether ln -s works
configure:5144: result: yes
configure:5152: checking the maximum length of command line arguments
configure:5272: result: 3458764513820540925
configure:5289: checking whether the shell understands some XSI constructs
configure:5299: result: yes
configure:5303: checking whether the shell understands "+="
configure:5309: result: yes
configure:5344: checking for /usr/bin/ld option to reload object files
configure:5351: result: -r
configure:5420: checking for objdump
configure:5436: found /usr/bin/objdump
configure:5447: result: objdump
configure:5479: checking how to recognize dependent libraries
configure:5675: result: pass_all
configure:5735: checking for ar
configure:5751: found /usr/bin/ar
configure:5762: result: ar
configure:5840: checking for strip
configure:5856: found /usr/bin/strip
configure:5867: result: strip
configure:5939: checking for ranlib
configure:5955: found /usr/bin/ranlib
configure:5966: result: ranlib
configure:6056: checking command to parse /usr/bin/nm -B output from gcc object
configure:6174: gcc -c -g -O2  conftest.c >&5
configure:6177: $? = 0
configure:6181: /usr/bin/nm -B conftest.o \| sed -n -e 's/^.*[	 ]\([ABCDGIRSTW][ABCDGIRSTW]*\)[	 ][	 ]*\([_A-Za-z][_A-Za-z0-9]*\)$/\1 \2 \2/p' \> conftest.nm
configure:6184: $? = 0
configure:6238: gcc -o conftest -g -O2   conftest.c conftstm.o >&5
configure:6241: $? = 0
configure:6279: result: ok
configure:6375: gcc -c -g -O2  conftest.c >&5
configure:6378: $? = 0
configure:7088: checking how to run the C preprocessor
configure:7119: gcc -E  conftest.c
configure:7119: $? = 0
configure:7133: gcc -E  conftest.c
conftest.c:11:28: fatal error: ac_nonexistent.h: No such file or directory
 #include <ac_nonexistent.h>
                            ^
compilation terminated.
configure:7133: $? = 1
configure: failed program was:
| /* confdefs.h */
| #define PACKAGE_NAME "FASTX Toolkit"
| #define PACKAGE_TARNAME "fastx_toolkit"
| #define PACKAGE_VERSION "0.0.14"
| #define PACKAGE_STRING "FASTX Toolkit 0.0.14"
| #define PACKAGE_BUGREPORT "Assaf Gordon assafgordon@gmail.com"
| #define PACKAGE_URL ""
| #define PACKAGE "fastx_toolkit"
| #define VERSION "0.0.14"
| /* end confdefs.h.  */
| #include <ac_nonexistent.h>
configure:7158: result: gcc -E
configure:7178: gcc -E  conftest.c
configure:7178: $? = 0
configure:7192: gcc -E  conftest.c
conftest.c:11:28: fatal error: ac_nonexistent.h: No such file or directory
 #include <ac_nonexistent.h>
                            ^
compilation terminated.
configure:7192: $? = 1
configure: failed program was:
| /* confdefs.h */
| #define PACKAGE_NAME "FASTX Toolkit"
| #define PACKAGE_TARNAME "fastx_toolkit"
| #define PACKAGE_VERSION "0.0.14"
| #define PACKAGE_STRING "FASTX Toolkit 0.0.14"
| #define PACKAGE_BUGREPORT "Assaf Gordon assafgordon@gmail.com"
| #define PACKAGE_URL ""
| #define PACKAGE "fastx_toolkit"
| #define VERSION "0.0.14"
| /* end confdefs.h.  */
| #include <ac_nonexistent.h>
configure:7221: checking for ANSI C header files
configure:7241: gcc -c -g -O2  conftest.c >&5
configure:7241: $? = 0
configure:7314: gcc -o conftest -g -O2   conftest.c  >&5
configure:7314: $? = 0
configure:7314: ./conftest
configure:7314: $? = 0
configure:7325: result: yes
configure:7338: checking for sys/types.h
configure:7338: gcc -c -g -O2  conftest.c >&5
configure:7338: $? = 0
configure:7338: result: yes
configure:7338: checking for sys/stat.h
configure:7338: gcc -c -g -O2  conftest.c >&5
configure:7338: $? = 0
configure:7338: result: yes
configure:7338: checking for stdlib.h
configure:7338: gcc -c -g -O2  conftest.c >&5
configure:7338: $? = 0
configure:7338: result: yes
configure:7338: checking for string.h
configure:7338: gcc -c -g -O2  conftest.c >&5
configure:7338: $? = 0
configure:7338: result: yes
configure:7338: checking for memory.h
configure:7338: gcc -c -g -O2  conftest.c >&5
configure:7338: $? = 0
configure:7338: result: yes
configure:7338: checking for strings.h
configure:7338: gcc -c -g -O2  conftest.c >&5
configure:7338: $? = 0
configure:7338: result: yes
configure:7338: checking for inttypes.h
configure:7338: gcc -c -g -O2  conftest.c >&5
configure:7338: $? = 0
configure:7338: result: yes
configure:7338: checking for stdint.h
configure:7338: gcc -c -g -O2  conftest.c >&5
configure:7338: $? = 0
configure:7338: result: yes
configure:7338: checking for unistd.h
configure:7338: gcc -c -g -O2  conftest.c >&5
configure:7338: $? = 0
configure:7338: result: yes
configure:7352: checking for dlfcn.h
configure:7352: gcc -c -g -O2  conftest.c >&5
configure:7352: $? = 0
configure:7352: result: yes
configure:7477: checking for C++ compiler version
configure:7486: g++ --version >&5
g++ (Ubuntu 4.8.4-2ubuntu1~14.04) 4.8.4
Copyright (C) 2013 Free Software Foundation, Inc.
This is free software; see the source for copying conditions.  There is NO
warranty; not even for MERCHANTABILITY or FITNESS FOR A PARTICULAR PURPOSE.

configure:7497: $? = 0
configure:7486: g++ -v >&5
Using built-in specs.
COLLECT_GCC=g++
COLLECT_LTO_WRAPPER=/usr/lib/gcc/x86_64-linux-gnu/4.8/lto-wrapper
Target: x86_64-linux-gnu
Configured with: ../src/configure -v --with-pkgversion='Ubuntu 4.8.4-2ubuntu1~14.04' --with-bugurl=file:///usr/share/doc/gcc-4.8/README.Bugs --enable-languages=c,c++,java,go,d,fortran,objc,obj-c++ --prefix=/usr --program-suffix=-4.8 --enable-shared --enable-linker-build-id --libexecdir=/usr/lib --without-included-gettext --enable-threads=posix --with-gxx-include-dir=/usr/include/c++/4.8 --libdir=/usr/lib --enable-nls --with-sysroot=/ --enable-clocale=gnu --enable-libstdcxx-debug --enable-libstdcxx-time=yes --enable-gnu-unique-object --disable-libmudflap --enable-plugin --with-system-zlib --disable-browser-plugin --enable-java-awt=gtk --enable-gtk-cairo --with-java-home=/usr/lib/jvm/java-1.5.0-gcj-4.8-amd64/jre --enable-java-home --with-jvm-root-dir=/usr/lib/jvm/java-1.5.0-gcj-4.8-amd64 --with-jvm-jar-dir=/usr/lib/jvm-exports/java-1.5.0-gcj-4.8-amd64 --with-arch-directory=amd64 --with-ecj-jar=/usr/share/java/eclipse-ecj.jar --enable-objc-gc --enable-multiarch --disable-werror --with-arch-32=i686 --with-abi=m64 --with-multilib-list=m32,m64,mx32 --with-tune=generic --enable-checking=release --build=x86_64-linux-gnu --host=x86_64-linux-gnu --target=x86_64-linux-gnu
Thread model: posix
gcc version 4.8.4 (Ubuntu 4.8.4-2ubuntu1~14.04) 
configure:7497: $? = 0
configure:7486: g++ -V >&5
g++: error: unrecognized command line option '-V'
g++: fatal error: no input files
compilation terminated.
configure:7497: $? = 4
configure:7486: g++ -qversion >&5
g++: error: unrecognized command line option '-qversion'
g++: fatal error: no input files
compilation terminated.
configure:7497: $? = 4
configure:7501: checking whether we are using the GNU C++ compiler
configure:7529: result: yes
configure:7538: checking whether g++ accepts -g
configure:7599: result: yes
configure:7624: checking dependency style of g++
configure:7735: result: gcc3
configure:7758: checking how to run the C++ preprocessor
configure:7785: g++ -E  conftest.cpp
configure:7785: $? = 0
configure:7799: g++ -E  conftest.cpp
conftest.cpp:22:28: fatal error: ac_nonexistent.h: No such file or directory
 #include <ac_nonexistent.h>
                            ^
compilation terminated.
configure:7799: $? = 1
configure: failed program was:
| /* confdefs.h */
| #define PACKAGE_NAME "FASTX Toolkit"
| #define PACKAGE_TARNAME "fastx_toolkit"
| #define PACKAGE_VERSION "0.0.14"
| #define PACKAGE_STRING "FASTX Toolkit 0.0.14"
| #define PACKAGE_BUGREPORT "Assaf Gordon assafgordon@gmail.com"
| #define PACKAGE_URL ""
| #define PACKAGE "fastx_toolkit"
| #define VERSION "0.0.14"
| #define STDC_HEADERS 1
| #define HAVE_SYS_TYPES_H 1
| #define HAVE_SYS_STAT_H 1
| #define HAVE_STDLIB_H 1
| #define HAVE_STRING_H 1
| #define HAVE_MEMORY_H 1
| #define HAVE_STRINGS_H 1
| #define HAVE_INTTYPES_H 1
| #define HAVE_STDINT_H 1
| #define HAVE_UNISTD_H 1
| #define HAVE_DLFCN_H 1
| /* end confdefs.h.  */
| #include <ac_nonexistent.h>
configure:7824: result: g++ -E
configure:7844: g++ -E  conftest.cpp
configure:7844: $? = 0
configure:7858: g++ -E  conftest.cpp
conftest.cpp:22:28: fatal error: ac_nonexistent.h: No such file or directory
 #include <ac_nonexistent.h>
                            ^
compilation terminated.
configure:7858: $? = 1
configure: failed program was:
| /* confdefs.h */
| #define PACKAGE_NAME "FASTX Toolkit"
| #define PACKAGE_TARNAME "fastx_toolkit"
| #define PACKAGE_VERSION "0.0.14"
| #define PACKAGE_STRING "FASTX Toolkit 0.0.14"
| #define PACKAGE_BUGREPORT "Assaf Gordon assafgordon@gmail.com"
| #define PACKAGE_URL ""
| #define PACKAGE "fastx_toolkit"
| #define VERSION "0.0.14"
| #define STDC_HEADERS 1
| #define HAVE_SYS_TYPES_H 1
| #define HAVE_SYS_STAT_H 1
| #define HAVE_STDLIB_H 1
| #define HAVE_STRING_H 1
| #define HAVE_MEMORY_H 1
| #define HAVE_STRINGS_H 1
| #define HAVE_INTTYPES_H 1
| #define HAVE_STDINT_H 1
| #define HAVE_UNISTD_H 1
| #define HAVE_DLFCN_H 1
| /* end confdefs.h.  */
| #include <ac_nonexistent.h>
configure:8064: checking for objdir
configure:8079: result: .libs
configure:8375: checking if gcc supports -fno-rtti -fno-exceptions
configure:8393: gcc -c -g -O2  -fno-rtti -fno-exceptions conftest.c >&5
cc1: warning: command line option '-fno-rtti' is valid for C++/ObjC++ but not for C [enabled by default]
configure:8397: $? = 0
configure:8410: result: no
configure:8430: checking for gcc option to produce PIC
configure:8702: result: -fPIC -DPIC
configure:8714: checking if gcc PIC flag -fPIC -DPIC works
configure:8732: gcc -c -g -O2  -fPIC -DPIC -DPIC conftest.c >&5
configure:8736: $? = 0
configure:8749: result: yes
configure:8773: checking if gcc static flag -static works
configure:8801: result: yes
configure:8816: checking if gcc supports -c -o file.o
configure:8837: gcc -c -g -O2  -o out/conftest2.o conftest.c >&5
configure:8841: $? = 0
configure:8863: result: yes
configure:8871: checking if gcc supports -c -o file.o
configure:8918: result: yes
configure:8951: checking whether the gcc linker (/usr/bin/ld -m elf_x86_64) supports shared libraries
configure:9942: result: yes
configure:9979: checking whether -lc should be explicitly linked in
configure:9984: gcc -c -g -O2  conftest.c >&5
configure:9987: $? = 0
configure:10002: gcc -shared conftest.o  -v -Wl,-soname -Wl,conftest -o conftest 2\>\&1 \| /bin/grep  -lc  \>/dev/null 2\>\&1
configure:10005: $? = 0
configure:10017: result: no
configure:10181: checking dynamic linker characteristics
configure:10614: gcc -o conftest -g -O2   -Wl,-rpath -Wl,/foo conftest.c  >&5
configure:10614: $? = 0
configure:10844: result: GNU/Linux ld.so
configure:10946: checking how to hardcode library paths into programs
configure:10971: result: immediate
configure:11491: checking whether stripping libraries is possible
configure:11496: result: yes
configure:11531: checking if libtool supports shared libraries
configure:11533: result: yes
configure:11536: checking whether to build shared libraries
configure:11557: result: yes
configure:11560: checking whether to build static libraries
configure:11564: result: yes
configure:11714: checking for ld used by g++
configure:11781: result: /usr/bin/ld -m elf_x86_64
configure:11788: checking if the linker (/usr/bin/ld -m elf_x86_64) is GNU ld
configure:11803: result: yes
configure:11858: checking whether the g++ linker (/usr/bin/ld -m elf_x86_64) supports shared libraries
configure:12771: result: yes
configure:12799: g++ -c -g -O2  conftest.cpp >&5
configure:12802: $? = 0
configure:12984: checking for g++ option to produce PIC
configure:13301: result: -fPIC -DPIC
configure:13310: checking if g++ PIC flag -fPIC -DPIC works
configure:13328: g++ -c -g -O2  -fPIC -DPIC -DPIC conftest.cpp >&5
configure:13332: $? = 0
configure:13345: result: yes
configure:13366: checking if g++ static flag -static works
configure:13394: result: yes
configure:13406: checking if g++ supports -c -o file.o
configure:13427: g++ -c -g -O2  -o out/conftest2.o conftest.cpp >&5
configure:13431: $? = 0
configure:13453: result: yes
configure:13458: checking if g++ supports -c -o file.o
configure:13505: result: yes
configure:13535: checking whether the g++ linker (/usr/bin/ld -m elf_x86_64) supports shared libraries
configure:13564: result: yes
configure:13701: checking dynamic linker characteristics
configure:14082: g++ -o conftest -g -O2   -Wl,-rpath -Wl,/foo conftest.cpp  >&5
configure:14082: $? = 0
configure:14312: result: GNU/Linux ld.so
configure:14363: checking how to hardcode library paths into programs
configure:14388: result: immediate
configure:14446: checking for long long int
configure:14473: result: yes
configure:14482: checking for ISO C++ TR1 include files
configure:14507: g++ -c -g -O2  conftest.cpp >&5
configure:14507: $? = 0
configure:14521: result: yes
configure:14536: checking whether g++ supports C++11 features by default
configure:14562: g++ -c -g -O2  conftest.cpp >&5
conftest.cpp:29:21: error: expected identifier before 'sizeof'
       static_assert(sizeof(int) <= sizeof(T), "not big enough");
                     ^
conftest.cpp:29:21: error: expected ',' or '...' before 'sizeof'
conftest.cpp:29:63: error: ISO C++ forbids declaration of 'static_assert' with no type [-fpermissive]
       static_assert(sizeof(int) <= sizeof(T), "not big enough");
                                                               ^
conftest.cpp:32:29: error: '>>' should be '> >' within a nested template argument list
     typedef check<check<bool>> right_angle_brackets;
                             ^
conftest.cpp:35:13: error: expected constructor, destructor, or type conversion before '(' token
     decltype(a) b;
             ^
conftest.cpp:39:15: error: expected unqualified-id before '&&' token
     check_type&& cr = static_cast<check_type&&>(c);
               ^
conftest.cpp:41:10: error: 'd' does not name a type
     auto d = a;
          ^
configure:14562: $? = 1
configure: failed program was:
| /* confdefs.h */
| #define PACKAGE_NAME "FASTX Toolkit"
| #define PACKAGE_TARNAME "fastx_toolkit"
| #define PACKAGE_VERSION "0.0.14"
| #define PACKAGE_STRING "FASTX Toolkit 0.0.14"
| #define PACKAGE_BUGREPORT "Assaf Gordon assafgordon@gmail.com"
| #define PACKAGE_URL ""
| #define PACKAGE "fastx_toolkit"
| #define VERSION "0.0.14"
| #define STDC_HEADERS 1
| #define HAVE_SYS_TYPES_H 1
| #define HAVE_SYS_STAT_H 1
| #define HAVE_STDLIB_H 1
| #define HAVE_STRING_H 1
| #define HAVE_MEMORY_H 1
| #define HAVE_STRINGS_H 1
| #define HAVE_INTTYPES_H 1
| #define HAVE_STDINT_H 1
| #define HAVE_UNISTD_H 1
| #define HAVE_DLFCN_H 1
| #define LT_OBJDIR ".libs/"
| #define HAVE_LONG_LONG 1
| #define STDCXX_TR1_HEADERS /**/
| /* end confdefs.h.  */
| 
|   template <typename T>
|     struct check
|     {
|       static_assert(sizeof(int) <= sizeof(T), "not big enough");
|     };
| 
|     typedef check<check<bool>> right_angle_brackets;
| 
|     int a;
|     decltype(a) b;
| 
|     typedef check<int> check_type;
|     check_type c;
|     check_type&& cr = static_cast<check_type&&>(c);
| 
|     auto d = a;
| 
configure:14569: result: no
configure:14580: checking whether g++ supports C++11 features with -std=c++11
configure:14608: g++ -c -g -O2 -std=c++11  conftest.cpp >&5
configure:14608: $? = 0
configure:14617: result: yes
configure:14707: checking for pkg-config
configure:14725: found /usr/bin/pkg-config
configure:14737: result: /usr/bin/pkg-config
configure:14762: checking pkg-config is at least version 0.9.0
configure:14765: result: yes
configure:14775: checking for GTEXTUTILS
configure:14782: $PKG_CONFIG --exists --print-errors "gtextutils"
configure:14785: $? = 0
configure:14799: $PKG_CONFIG --exists --print-errors "gtextutils"
configure:14802: $? = 0
configure:14860: result: yes
configure:15030: checking that generated files are newer than configure
configure:15036: result: done
configure:15067: creating ./config.status

## ---------------- ##
## Cache variables. ##
## ---------------- ##

ac_cv_build=x86_64-unknown-linux-gnu
ac_cv_c_compiler_gnu=yes
ac_cv_c_long_long=yes
ac_cv_cxx_compiler_gnu=yes
ac_cv_env_CCC_set=
ac_cv_env_CCC_value=
ac_cv_env_CC_set=
ac_cv_env_CC_value=
ac_cv_env_CFLAGS_set=
ac_cv_env_CFLAGS_value=
ac_cv_env_CPPFLAGS_set=
ac_cv_env_CPPFLAGS_value=
ac_cv_env_CPP_set=
ac_cv_env_CPP_value=
ac_cv_env_CXXCPP_set=
ac_cv_env_CXXCPP_value=
ac_cv_env_CXXFLAGS_set=
ac_cv_env_CXXFLAGS_value=
ac_cv_env_CXX_set=
ac_cv_env_CXX_value=
ac_cv_env_GTEXTUTILS_CFLAGS_set=
ac_cv_env_GTEXTUTILS_CFLAGS_value=
ac_cv_env_GTEXTUTILS_LIBS_set=
ac_cv_env_GTEXTUTILS_LIBS_value=
ac_cv_env_LDFLAGS_set=
ac_cv_env_LDFLAGS_value=
ac_cv_env_LIBS_set=
ac_cv_env_LIBS_value=
ac_cv_env_PKG_CONFIG_LIBDIR_set=
ac_cv_env_PKG_CONFIG_LIBDIR_value=
ac_cv_env_PKG_CONFIG_PATH_set=
ac_cv_env_PKG_CONFIG_PATH_value=
ac_cv_env_PKG_CONFIG_set=
ac_cv_env_PKG_CONFIG_value=
ac_cv_env_build_alias_set=
ac_cv_env_build_alias_value=
ac_cv_env_host_alias_set=
ac_cv_env_host_alias_value=
ac_cv_env_target_alias_set=
ac_cv_env_target_alias_value=
ac_cv_header_dlfcn_h=yes
ac_cv_header_inttypes_h=yes
ac_cv_header_memory_h=yes
ac_cv_header_stdc=yes
ac_cv_header_stdint_h=yes
ac_cv_header_stdlib_h=yes
ac_cv_header_string_h=yes
ac_cv_header_strings_h=yes
ac_cv_header_sys_stat_h=yes
ac_cv_header_sys_types_h=yes
ac_cv_header_unistd_h=yes
ac_cv_host=x86_64-unknown-linux-gnu
ac_cv_objext=o
ac_cv_path_EGREP='/bin/grep -E'
ac_cv_path_FGREP='/bin/grep -F'
ac_cv_path_GREP=/bin/grep
ac_cv_path_SED=/bin/sed
ac_cv_path_ac_pt_PKG_CONFIG=/usr/bin/pkg-config
ac_cv_path_install='/usr/bin/install -c'
ac_cv_path_mkdir=/bin/mkdir
ac_cv_prog_AWK=gawk
ac_cv_prog_CPP='gcc -E'
ac_cv_prog_CXXCPP='g++ -E'
ac_cv_prog_ac_ct_AR=ar
ac_cv_prog_ac_ct_CC=gcc
ac_cv_prog_ac_ct_CXX=g++
ac_cv_prog_ac_ct_OBJDUMP=objdump
ac_cv_prog_ac_ct_RANLIB=ranlib
ac_cv_prog_ac_ct_STRIP=strip
ac_cv_prog_cc_c89=
ac_cv_prog_cc_g=yes
ac_cv_prog_cxx_g=yes
ac_cv_prog_make_make_set=yes
am_cv_CC_dependencies_compiler_type=gcc3
am_cv_CXX_dependencies_compiler_type=gcc3
am_cv_make_support_nested_variables=yes
am_cv_prog_cc_c_o=yes
ax_cv_cxx_compile_cxx11=no
ax_cv_cxx_compile_cxx11__std_cpp11=yes
ax_cv_cxx_stdcxx_tr1=yes
lt_cv_deplibs_check_method=pass_all
lt_cv_file_magic_cmd='$MAGIC_CMD'
lt_cv_file_magic_test_file=
lt_cv_ld_reload_flag=-r
lt_cv_nm_interface='BSD nm'
lt_cv_objdir=.libs
lt_cv_path_LD=/usr/bin/ld
lt_cv_path_LDCXX='/usr/bin/ld -m elf_x86_64'
lt_cv_path_NM='/usr/bin/nm -B'
lt_cv_prog_compiler_c_o=yes
lt_cv_prog_compiler_c_o_CXX=yes
lt_cv_prog_compiler_pic_works=yes
lt_cv_prog_compiler_pic_works_CXX=yes
lt_cv_prog_compiler_rtti_exceptions=no
lt_cv_prog_compiler_static_works=yes
lt_cv_prog_compiler_static_works_CXX=yes
lt_cv_prog_gnu_ld=yes
lt_cv_prog_gnu_ldcxx=yes
lt_cv_sys_global_symbol_pipe='sed -n -e '\''s/^.*[	 ]\([ABCDGIRSTW][ABCDGIRSTW]*\)[	 ][	 ]*\([_A-Za-z][_A-Za-z0-9]*\)$/\1 \2 \2/p'\'''
lt_cv_sys_global_symbol_to_c_name_address='sed -n -e '\''s/^: \([^ ]*\) $/  {\"\1\", (void *) 0},/p'\'' -e '\''s/^[ABCDGIRSTW]* \([^ ]*\) \([^ ]*\)$/  {"\2", (void *) \&\2},/p'\'''
lt_cv_sys_global_symbol_to_c_name_address_lib_prefix='sed -n -e '\''s/^: \([^ ]*\) $/  {\"\1\", (void *) 0},/p'\'' -e '\''s/^[ABCDGIRSTW]* \([^ ]*\) \(lib[^ ]*\)$/  {"\2", (void *) \&\2},/p'\'' -e '\''s/^[ABCDGIRSTW]* \([^ ]*\) \([^ ]*\)$/  {"lib\2", (void *) \&\2},/p'\'''
lt_cv_sys_global_symbol_to_cdecl='sed -n -e '\''s/^T .* \(.*\)$/extern int \1();/p'\'' -e '\''s/^[ABCDGIRSTW]* .* \(.*\)$/extern char \1;/p'\'''
lt_cv_sys_max_cmd_len=3458764513820540925
pkg_cv_GTEXTUTILS_CFLAGS='-I/usr/local/include/gtextutils  '
pkg_cv_GTEXTUTILS_LIBS='-L/usr/local/lib -lgtextutils  '

## ----------------- ##
## Output variables. ##
## ----------------- ##

ACLOCAL='${SHELL} /home/ngs/program/retropipeline/fastx_toolkit-0.0.14/config/missing aclocal-1.14'
AMDEPBACKSLASH='\'
AMDEP_FALSE='#'
AMDEP_TRUE=''
AMTAR='$${TAR-tar}'
AM_BACKSLASH='\'
AM_DEFAULT_V='$(AM_DEFAULT_VERBOSITY)'
AM_DEFAULT_VERBOSITY='1'
AM_V='$(V)'
AR='ar'
AUTOCONF='${SHELL} /home/ngs/program/retropipeline/fastx_toolkit-0.0.14/config/missing autoconf'
AUTOHEADER='${SHELL} /home/ngs/program/retropipeline/fastx_toolkit-0.0.14/config/missing autoheader'
AUTOMAKE='${SHELL} /home/ngs/program/retropipeline/fastx_toolkit-0.0.14/config/missing automake-1.14'
AWK='gawk'
CC='gcc'
CCDEPMODE='depmode=gcc3'
CFLAGS='-g -O2 -Wall -Wextra -Wformat-nonliteral -Wformat-security -Wswitch-default -Wswitch-enum -Wunused-parameter -Wfloat-equal -Werror -DDEBUG -g -O1'
CPP='gcc -E'
CPPFLAGS=''
CXX='g++'
CXXCPP='g++ -E'
CXXDEPMODE='depmode=gcc3'
CXXFLAGS='-g -O2 -std=c++11 -Wall -Wextra -Wformat-nonliteral -Wformat-security -Wswitch-default -Wswitch-enum -Wunused-parameter -Wfloat-equal -Werror -DDEBUG -g -O1'
CYGPATH_W='echo'
DEFS='-DHAVE_CONFIG_H'
DEPDIR='.deps'
DSYMUTIL=''
DUMPBIN=''
ECHO_C=''
ECHO_N='-n'
ECHO_T=''
EGREP='/bin/grep -E'
EXEEXT=''
FGREP='/bin/grep -F'
GREP='/bin/grep'
GTEXTUTILS_CFLAGS='-I/usr/local/include/gtextutils  '
GTEXTUTILS_LIBS='-L/usr/local/lib -lgtextutils  '
HAVE_CXX11='1'
INSTALL_DATA='${INSTALL} -m 644'
INSTALL_PROGRAM='${INSTALL}'
INSTALL_SCRIPT='${INSTALL}'
INSTALL_STRIP_PROGRAM='$(install_sh) -c -s'
LD='/usr/bin/ld -m elf_x86_64'
LDFLAGS=''
LIBOBJS=''
LIBS=''
LIBTOOL='$(SHELL) $(top_builddir)/libtool'
LIPO=''
LN_S='ln -s'
LTLIBOBJS=''
LT_LDFLAGS=''
MAKEINFO='${SHELL} /home/ngs/program/retropipeline/fastx_toolkit-0.0.14/config/missing makeinfo'
MKDIR_P='/bin/mkdir -p'
NM='/usr/bin/nm -B'
NMEDIT=''
OBJDUMP='objdump'
OBJEXT='o'
OTOOL64=''
OTOOL=''
PACKAGE='fastx_toolkit'
PACKAGE_BUGREPORT='Assaf Gordon assafgordon@gmail.com'
PACKAGE_NAME='FASTX Toolkit'
PACKAGE_STRING='FASTX Toolkit 0.0.14'
PACKAGE_TARNAME='fastx_toolkit'
PACKAGE_URL=''
PACKAGE_VERSION='0.0.14'
PATH_SEPARATOR=':'
PKG_CONFIG='/usr/bin/pkg-config'
PKG_CONFIG_LIBDIR=''
PKG_CONFIG_PATH=''
RANLIB='ranlib'
SED='/bin/sed'
SET_MAKE=''
SHELL='/bin/bash'
STRIP='strip'
VERSION='0.0.14'
ac_ct_CC='gcc'
ac_ct_CXX='g++'
ac_ct_DUMPBIN=''
am__EXEEXT_FALSE=''
am__EXEEXT_TRUE='#'
am__fastdepCC_FALSE='#'
am__fastdepCC_TRUE=''
am__fastdepCXX_FALSE='#'
am__fastdepCXX_TRUE=''
am__include='include'
am__isrc=''
am__leading_dot='.'
am__nodep='_no'
am__quote=''
am__tar='$${TAR-tar} chof - "$$tardir"'
am__untar='$${TAR-tar} xf -'
bindir='${exec_prefix}/bin'
build='x86_64-unknown-linux-gnu'
build_alias=''
build_cpu='x86_64'
build_os='linux-gnu'
build_vendor='unknown'
datadir='${datarootdir}'
datarootdir='${prefix}/share'
docdir='${datarootdir}/doc/${PACKAGE_TARNAME}'
dvidir='${docdir}'
exec_prefix='${prefix}'
host='x86_64-unknown-linux-gnu'
host_alias=''
host_cpu='x86_64'
host_os='linux-gnu'
host_vendor='unknown'
htmldir='${docdir}'
includedir='${prefix}/include'
infodir='${datarootdir}/info'
install_sh='${SHELL} /home/ngs/program/retropipeline/fastx_toolkit-0.0.14/config/install-sh'
libdir='${exec_prefix}/lib'
libexecdir='${exec_prefix}/libexec'
localedir='${datarootdir}/locale'
localstatedir='${prefix}/var'
lt_ECHO='echo'
mandir='${datarootdir}/man'
mkdir_p='$(MKDIR_P)'
oldincludedir='/usr/include'
pdfdir='${docdir}'
prefix='/usr/local'
program_transform_name='s,x,x,'
psdir='${docdir}'
sbindir='${exec_prefix}/sbin'
sharedstatedir='${prefix}/com'
sysconfdir='${prefix}/etc'
target_alias=''

## ----------- ##
## confdefs.h. ##
## ----------- ##

/* confdefs.h */
#define PACKAGE_NAME "FASTX Toolkit"
#define PACKAGE_TARNAME "fastx_toolkit"
#define PACKAGE_VERSION "0.0.14"
#define PACKAGE_STRING "FASTX Toolkit 0.0.14"
#define PACKAGE_BUGREPORT "Assaf Gordon assafgordon@gmail.com"
#define PACKAGE_URL ""
#define PACKAGE "fastx_toolkit"
#define VERSION "0.0.14"
#define STDC_HEADERS 1
#define HAVE_SYS_TYPES_H 1
#define HAVE_SYS_STAT_H 1
#define HAVE_STDLIB_H 1
#define HAVE_STRING_H 1
#define HAVE_MEMORY_H 1
#define HAVE_STRINGS_H 1
#define HAVE_INTTYPES_H 1
#define HAVE_STDINT_H 1
#define HAVE_UNISTD_H 1
#define HAVE_DLFCN_H 1
#define LT_OBJDIR ".libs/"
#define HAVE_LONG_LONG 1
#define STDCXX_TR1_HEADERS /**/
#define HAVE_CXX11 1

configure: exit 0

## ---------------------- ##
## Running config.status. ##
## ---------------------- ##

This file was extended by FASTX Toolkit config.status 0.0.14, which was
generated by GNU Autoconf 2.69.  Invocation command line was

  CONFIG_FILES    = 
  CONFIG_HEADERS  = 
  CONFIG_LINKS    = 
  CONFIG_COMMANDS = 
  $ ./config.status 

on gena

config.status:1166: creating Makefile
config.status:1166: creating doc/Makefile
config.status:1166: creating m4/Makefile
config.status:1166: creating src/Makefile
config.status:1166: creating src/libfastx/Makefile
config.status:1166: creating src/fastx_clipper/Makefile
config.status:1166: creating src/fastq_to_fasta/Makefile
config.status:1166: creating src/fastx_quality_stats/Makefile
config.status:1166: creating src/fastq_quality_converter/Makefile
config.status:1166: creating src/fastx_trimmer/Makefile
config.status:1166: creating src/fastq_quality_filter/Makefile
config.status:1166: creating src/fastq_quality_trimmer/Makefile
config.status:1166: creating src/fastx_artifacts_filter/Makefile
config.status:1166: creating src/fastx_reverse_complement/Makefile
config.status:1166: creating src/fastx_collapser/Makefile
config.status:1166: creating src/fastx_uncollapser/Makefile
config.status:1166: creating src/seqalign_test/Makefile
config.status:1166: creating src/fasta_formatter/Makefile
config.status:1166: creating src/fasta_nucleotide_changer/Makefile
config.status:1166: creating src/fastx_renamer/Makefile
config.status:1166: creating src/fastq_masker/Makefile
config.status:1166: creating galaxy/Makefile
config.status:1166: creating galaxy/tools/Makefile
config.status:1166: creating galaxy/tools/fastx_toolkit/Makefile
config.status:1166: creating galaxy/test-data/Makefile
config.status:1166: creating galaxy/static/Makefile
config.status:1166: creating galaxy/static/fastx_icons/Makefile
config.status:1166: creating galaxy/tool-data/Makefile
config.status:1166: creating scripts/Makefile
config.status:1166: creating build_scripts/Makefile
config.status:1166: creating config.h
config.status:1347: config.h is unchanged
config.status:1395: executing depfiles commands
config.status:1395: executing libtool commands

## ---------------------- ##
## Running config.status. ##
## ---------------------- ##

This file was extended by FASTX Toolkit config.status 0.0.14, which was
generated by GNU Autoconf 2.69.  Invocation command line was

  CONFIG_FILES    = 
  CONFIG_HEADERS  = 
  CONFIG_LINKS    = 
  CONFIG_COMMANDS = 
  $ ./config.status config.h

on gena

config.status:1166: creating config.h
config.status:1347: config.h is unchanged
